<?xml version="1.0" encoding="utf-8"?>
<TestRun id="b774036f-03f5-4c43-938d-3c48b50f15f4" name="marle@ALAA-LAPTOP 2021-09-16 12:44:14" runUser="ALAA-LAPTOP\marle" xmlns="http://microsoft.com/schemas/VisualStudio/TeamTest/2010">
  <Times creation="2021-09-16T12:44:14.2059786+02:00" queuing="2021-09-16T12:44:14.2059807+02:00" start="2021-09-16T12:43:49.7226862+02:00" finish="2021-09-16T12:44:14.2133285+02:00" />
  <TestSettings name="default" id="0e3633ba-f68b-4348-a3ae-d8c483d9719d">
    <Deployment runDeploymentRoot="marle_ALAA-LAPTOP_2021-09-16_12_44_14" />
  </TestSettings>
  <Results>
    <UnitTestResult executionId="54c0c4bf-14a3-4216-aa2f-f0d738b6de69" testId="ac95cb08-7ad1-4d5b-90ec-132670c18038" testName="TestMethod1" computerName="ALAA-LAPTOP" duration="00:00:13.8111750" startTime="2021-09-16T12:44:00.1114483+02:00" endTime="2021-09-16T12:44:14.0093189+02:00" testType="13cdc9d9-ddb5-4fa4-a97d-d965ccfc6d4b" outcome="Passed" testListId="8c84fa94-04c1-424b-9868-57a2d4851a1d" relativeResultsDirectory="54c0c4bf-14a3-4216-aa2f-f0d738b6de69" />
  </Results>
  <TestDefinitions>
    <UnitTest name="TestMethod1" storage="d:\azure\jenkins\getting-started-with-jenkins\jenkinsintegration\jenkinsintegration.tests\bin\debug\netcoreapp2.1\jenkinsintegration.tests.dll" id="ac95cb08-7ad1-4d5b-90ec-132670c18038">
      <Execution id="54c0c4bf-14a3-4216-aa2f-f0d738b6de69" />
      <TestMethod codeBase="D:\Azure\jenkins\Getting-Started-With-Jenkins\JenkinsIntegration\JenkinsIntegration.Tests\bin\Debug\netcoreapp2.1\JenkinsIntegration.Tests.dll" adapterTypeName="executor://mstestadapter/v2" className="JenkinsIntegration.Tests.JenkinsTests" name="TestMethod1" />
    </UnitTest>
  </TestDefinitions>
  <TestEntries>
    <TestEntry testId="ac95cb08-7ad1-4d5b-90ec-132670c18038" executionId="54c0c4bf-14a3-4216-aa2f-f0d738b6de69" testListId="8c84fa94-04c1-424b-9868-57a2d4851a1d" />
  </TestEntries>
  <TestLists>
    <TestList name="Les résultats ne figurent pas dans une liste" id="8c84fa94-04c1-424b-9868-57a2d4851a1d" />
    <TestList name="Tous les résultats chargés" id="19431567-8539-422a-85d7-44ee4e166bda" />
  </TestLists>
  <ResultSummary outcome="Completed">
    <Counters total="1" executed="1" passed="1" failed="0" error="0" timeout="0" aborted="0" inconclusive="0" passedButRunAborted="0" notRunnable="0" notExecuted="0" disconnected="0" warning="0" completed="0" inProgress="0" pending="0" />
  </ResultSummary>
</TestRun>